<?xml version="1.0" encoding="UTF-8"?>
<!-- Generated by org.testng.reporters.JUnitXMLReporter -->
<testsuite ignored="0" hostname="1488-ПК" failures="0" tests="6" name="Default test" time="0.172" errors="0" timestamp="2021-06-13T23:10:01 MSK">
  <testcase classname="by.training.service.sorting.MatrixCalculationImplTest" name="matrixAdditionTest" time="0.031"/>
  <testcase classname="by.training.service.sorting.MatrixCalculationImplTest" name="matrixAdditionTest" time="0.016"/>
  <testcase classname="by.training.service.sorting.MatrixCalculationImplTest" name="matrixMultiplicationTest" time="0.0"/>
  <testcase classname="by.training.service.sorting.MatrixCalculationImplTest" name="matrixMultiplicationTest" time="0.015"/>
  <testcase classname="by.training.service.sorting.MatrixCalculationImplTest" name="matrixSubtractionTest" time="0.0"/>
  <testcase classname="by.training.service.sorting.MatrixCalculationImplTest" name="matrixSubtractionTest" time="0.0"/>
</testsuite> <!-- Default test -->
