<?xml version="1.0" encoding="UTF-8"?>
<!-- Generated by org.testng.reporters.JUnitXMLReporter -->
<testsuite ignored="0" hostname="1488-ПК" failures="0" tests="18" name="Default test" time="0.333" errors="0" timestamp="2021-06-14T15:49:59 MSK">
  <testcase classname="by.training.service.sorting.BinaryMergingSortingTest" name="decrSortingTest" time="0.039"/>
  <testcase classname="by.training.service.sorting.BinaryMergingSortingTest" name="decrSortingTest" time="0.003"/>
  <testcase classname="by.training.service.sorting.BinaryMergingSortingTest" name="decrSortingTest" time="0.004"/>
  <testcase classname="by.training.service.sorting.BinaryMergingSortingTest" name="decrSortingTest" time="0.003"/>
  <testcase classname="by.training.service.sorting.BinaryMergingSortingTest" name="decrSortingTest" time="0.004"/>
  <testcase classname="by.training.service.sorting.BinaryMergingSortingTest" name="decrSortingTest" time="0.004"/>
  <testcase classname="by.training.service.sorting.BinaryMergingSortingTest" name="decrSortingTest" time="0.004"/>
  <testcase classname="by.training.service.sorting.BinaryMergingSortingTest" name="decrSortingTest" time="0.004"/>
  <testcase classname="by.training.service.sorting.BinaryMergingSortingTest" name="decrSortingTest" time="0.005"/>
  <testcase classname="by.training.service.sorting.BinaryMergingSortingTest" name="incrSortingTest" time="0.003"/>
  <testcase classname="by.training.service.sorting.BinaryMergingSortingTest" name="incrSortingTest" time="0.004"/>
  <testcase classname="by.training.service.sorting.BinaryMergingSortingTest" name="incrSortingTest" time="0.021"/>
  <testcase classname="by.training.service.sorting.BinaryMergingSortingTest" name="incrSortingTest" time="0.003"/>
  <testcase classname="by.training.service.sorting.BinaryMergingSortingTest" name="incrSortingTest" time="0.003"/>
  <testcase classname="by.training.service.sorting.BinaryMergingSortingTest" name="incrSortingTest" time="0.004"/>
  <testcase classname="by.training.service.sorting.BinaryMergingSortingTest" name="incrSortingTest" time="0.003"/>
  <testcase classname="by.training.service.sorting.BinaryMergingSortingTest" name="incrSortingTest" time="0.004"/>
  <testcase classname="by.training.service.sorting.BinaryMergingSortingTest" name="incrSortingTest" time="0.003"/>
</testsuite> <!-- Default test -->
