<?xml version="1.0" encoding="UTF-8"?>
<!-- Generated by org.testng.reporters.JUnitXMLReporter -->
<testsuite ignored="7" hostname="1488-ПК" failures="0" tests="1" name="Default test" time="0.616" errors="0" timestamp="2021-07-08T13:43:44 MSK">
  <testcase classname="by.training.service.creator.SphereLogicTest" name="calculateCuttingVolumeRatioTestNegative" time="0.021"/>
  <testcase classname="by.training.service.creator.SphereLogicTest" name="calculateVolumeTestPositive" time="0.0">
    <ignored/>
  </testcase> <!-- calculateVolumeTestPositive -->
  <testcase classname="by.training.service.creator.SphereLogicTest" name="calculateSquareNegativeTest" time="0.0">
    <ignored/>
  </testcase> <!-- calculateSquareNegativeTest -->
  <testcase classname="by.training.service.creator.SphereLogicTest" name="calculateCuttingVolumeRatioTestNegativeNullShere" time="0.0">
    <ignored/>
  </testcase> <!-- calculateCuttingVolumeRatioTestNegativeNullShere -->
  <testcase classname="by.training.service.creator.SphereLogicTest" name="calculateCuttingVolumeRatioTestPositive" time="0.0">
    <ignored/>
  </testcase> <!-- calculateCuttingVolumeRatioTestPositive -->
  <testcase classname="by.training.service.creator.SphereLogicTest" name="calculateSquareTestPositive" time="0.0">
    <ignored/>
  </testcase> <!-- calculateSquareTestPositive -->
  <testcase classname="by.training.service.creator.SphereLogicTest" name="calculateVolumeNegativeTest" time="0.0">
    <ignored/>
  </testcase> <!-- calculateVolumeNegativeTest -->
  <testcase classname="by.training.service.creator.SphereLogicTest" name="calculateCuttingVolumeRatioTestNegativeNullCoordinate" time="0.0">
    <ignored/>
  </testcase> <!-- calculateCuttingVolumeRatioTestNegativeNullCoordinate -->
</testsuite> <!-- Default test -->
