<?xml version="1.0" encoding="UTF-8"?>
<testng-results ignored="0" total="18" passed="18" failed="0" skipped="0">
  <reporter-output>
  </reporter-output>
  <suite started-at="2021-06-14T15:49:58 MSK" name="Default suite" finished-at="2021-06-14T15:49:59 MSK" duration-ms="333">
    <groups>
    </groups>
    <test started-at="2021-06-14T15:49:58 MSK" name="Default test" finished-at="2021-06-14T15:49:59 MSK" duration-ms="333">
      <class name="by.training.service.sorting.BinaryMergingSortingTest">
        <test-method signature="decrSortingTest(by.training.entity.MyArray)[pri:0, instance:by.training.service.sorting.BinaryMergingSortingTest@130dca52]" started-at="2021-06-14T15:49:58 MSK" name="decrSortingTest" description="positive for DecrSorting" data-provider="PositiveForSorting" finished-at="2021-06-14T15:49:59 MSK" duration-ms="39" status="PASS">
          <params>
            <param index="0">
              <value>
                <![CDATA[MyArray [myArray=[5, 5, 5, 5, 5, 5, 5]]]]>
              </value>
            </param>
          </params>
          <reporter-output>
          </reporter-output>
        </test-method> <!-- decrSortingTest -->
        <test-method signature="decrSortingTest(by.training.entity.MyArray)[pri:0, instance:by.training.service.sorting.BinaryMergingSortingTest@130dca52]" started-at="2021-06-14T15:49:59 MSK" name="decrSortingTest" description="positive for DecrSorting" data-provider="PositiveForSorting" finished-at="2021-06-14T15:49:59 MSK" duration-ms="3" status="PASS">
          <params>
            <param index="0">
              <value>
                <![CDATA[MyArray [myArray=[11, 9, 7, 3, 1, 0, -6]]]]>
              </value>
            </param>
          </params>
          <reporter-output>
          </reporter-output>
        </test-method> <!-- decrSortingTest -->
        <test-method signature="decrSortingTest(by.training.entity.MyArray)[pri:0, instance:by.training.service.sorting.BinaryMergingSortingTest@130dca52]" started-at="2021-06-14T15:49:59 MSK" name="decrSortingTest" description="positive for DecrSorting" data-provider="PositiveForSorting" finished-at="2021-06-14T15:49:59 MSK" duration-ms="4" status="PASS">
          <params>
            <param index="0">
              <value>
                <![CDATA[MyArray [myArray=[2147483647, 2147483647, 9, 5, 5, 3, 3, 3, 1, 0, 0, -6]]]]>
              </value>
            </param>
          </params>
          <reporter-output>
          </reporter-output>
        </test-method> <!-- decrSortingTest -->
        <test-method signature="decrSortingTest(by.training.entity.MyArray)[pri:0, instance:by.training.service.sorting.BinaryMergingSortingTest@130dca52]" started-at="2021-06-14T15:49:59 MSK" name="decrSortingTest" description="positive for DecrSorting" data-provider="PositiveForSorting" finished-at="2021-06-14T15:49:59 MSK" duration-ms="3" status="PASS">
          <params>
            <param index="0">
              <value>
                <![CDATA[MyArray [myArray=[11, 9, 7, 5, 3, 3, 1, 0, 0, -6, -2147483648, -2147483648]]]]>
              </value>
            </param>
          </params>
          <reporter-output>
          </reporter-output>
        </test-method> <!-- decrSortingTest -->
        <test-method signature="decrSortingTest(by.training.entity.MyArray)[pri:0, instance:by.training.service.sorting.BinaryMergingSortingTest@130dca52]" started-at="2021-06-14T15:49:59 MSK" name="decrSortingTest" description="positive for DecrSorting" data-provider="PositiveForSorting" finished-at="2021-06-14T15:49:59 MSK" duration-ms="4" status="PASS">
          <params>
            <param index="0">
              <value>
                <![CDATA[MyArray [myArray=[2147483647, 11, 9, 7, 5, 3, 3, 1, 0, 0, -6, -2147483648]]]]>
              </value>
            </param>
          </params>
          <reporter-output>
          </reporter-output>
        </test-method> <!-- decrSortingTest -->
        <test-method signature="decrSortingTest(by.training.entity.MyArray)[pri:0, instance:by.training.service.sorting.BinaryMergingSortingTest@130dca52]" started-at="2021-06-14T15:49:59 MSK" name="decrSortingTest" description="positive for DecrSorting" data-provider="PositiveForSorting" finished-at="2021-06-14T15:49:59 MSK" duration-ms="4" status="PASS">
          <params>
            <param index="0">
              <value>
                <![CDATA[MyArray [myArray=[11, 9, 7, 5, 3, 3, 1, 0, 0, -6]]]]>
              </value>
            </param>
          </params>
          <reporter-output>
          </reporter-output>
        </test-method> <!-- decrSortingTest -->
        <test-method signature="decrSortingTest(by.training.entity.MyArray)[pri:0, instance:by.training.service.sorting.BinaryMergingSortingTest@130dca52]" started-at="2021-06-14T15:49:59 MSK" name="decrSortingTest" description="positive for DecrSorting" data-provider="PositiveForSorting" finished-at="2021-06-14T15:49:59 MSK" duration-ms="4" status="PASS">
          <params>
            <param index="0">
              <value>
                <![CDATA[MyArray [myArray=[NaN, 15.9, 11.2, 0.5, -1.0, -7.3]]]]>
              </value>
            </param>
          </params>
          <reporter-output>
          </reporter-output>
        </test-method> <!-- decrSortingTest -->
        <test-method signature="decrSortingTest(by.training.entity.MyArray)[pri:0, instance:by.training.service.sorting.BinaryMergingSortingTest@130dca52]" started-at="2021-06-14T15:49:59 MSK" name="decrSortingTest" description="positive for DecrSorting" data-provider="PositiveForSorting" finished-at="2021-06-14T15:49:59 MSK" duration-ms="4" status="PASS">
          <params>
            <param index="0">
              <value>
                <![CDATA[MyArray [myArray=[92, 91, 88, 87, 87, 85, 82, 80, 80, 80, 72, 70, 68, 66, 64, 62, 55, 55, 54, 54, 52, 52, 49, 49, 48, 46, 45, 44, 39, 37, 37, 33, 31, 24, 24, 18, 17, 16, 14, 7, 6, 4, 3, 2, 1, 0, -1, -3, -8, -8, -9, -10, -11, -14, -18, -19, -19, -19, -21, -24, -24, -26, -26, -27, -27, -37, -38, -39, -40, -41, -44, -48, -52, -52, -52, -54, -54, -55, -56, -57, -58, -63, -63, -67, -68, -69, -71, -71, -73, -73, -75, -75, -75, -77, -80, -80, -81, -83, -89, -92, -95]]]]>
              </value>
            </param>
          </params>
          <reporter-output>
          </reporter-output>
        </test-method> <!-- decrSortingTest -->
        <test-method signature="decrSortingTest(by.training.entity.MyArray)[pri:0, instance:by.training.service.sorting.BinaryMergingSortingTest@130dca52]" started-at="2021-06-14T15:49:59 MSK" name="decrSortingTest" description="positive for DecrSorting" data-provider="PositiveForSorting" finished-at="2021-06-14T15:49:59 MSK" duration-ms="5" status="PASS">
          <params>
            <param index="0">
              <value>
                <![CDATA[MyArray [myArray=[99, 98, 97, 90, 89, 88, 85, 85, 83, 82, 82, 81, 78, 76, 74, 74, 73, 70, 69, 65, 64, 64, 63, 61, 59, 58, 58, 57, 57, 53, 51, 50, 46, 45, 45, 44, 44, 39, 38, 35, 33, 32, 31, 31, 30, 30, 27, 25, 24, 20, 14, 14, 13, 8, 4, 2, 0, 0, -2, -7, -7, -8, -8, -9, -11, -13, -14, -16, -17, -31, -35, -35, -37, -38, -39, -40, -40, -41, -41, -41, -41, -42, -45, -46, -48, -53, -53, -54, -59, -60, -61, -66, -68, -69, -72, -72, -72, -75, -77, -77, -78, -84, -84, -85, -85, -88, -90, -91, -91, -92, -97, -97, -98]]]]>
              </value>
            </param>
          </params>
          <reporter-output>
          </reporter-output>
        </test-method> <!-- decrSortingTest -->
        <test-method signature="incrSortingTest(by.training.entity.MyArray)[pri:0, instance:by.training.service.sorting.BinaryMergingSortingTest@130dca52]" started-at="2021-06-14T15:49:59 MSK" name="incrSortingTest" description="positive for IncrSorting" data-provider="PositiveForSorting" finished-at="2021-06-14T15:49:59 MSK" duration-ms="3" status="PASS">
          <params>
            <param index="0">
              <value>
                <![CDATA[MyArray [myArray=[5, 5, 5, 5, 5, 5, 5]]]]>
              </value>
            </param>
          </params>
          <reporter-output>
          </reporter-output>
        </test-method> <!-- incrSortingTest -->
        <test-method signature="incrSortingTest(by.training.entity.MyArray)[pri:0, instance:by.training.service.sorting.BinaryMergingSortingTest@130dca52]" started-at="2021-06-14T15:49:59 MSK" name="incrSortingTest" description="positive for IncrSorting" data-provider="PositiveForSorting" finished-at="2021-06-14T15:49:59 MSK" duration-ms="4" status="PASS">
          <params>
            <param index="0">
              <value>
                <![CDATA[MyArray [myArray=[-6, 0, 1, 3, 7, 9, 11]]]]>
              </value>
            </param>
          </params>
          <reporter-output>
          </reporter-output>
        </test-method> <!-- incrSortingTest -->
        <test-method signature="incrSortingTest(by.training.entity.MyArray)[pri:0, instance:by.training.service.sorting.BinaryMergingSortingTest@130dca52]" started-at="2021-06-14T15:49:59 MSK" name="incrSortingTest" description="positive for IncrSorting" data-provider="PositiveForSorting" finished-at="2021-06-14T15:49:59 MSK" duration-ms="21" status="PASS">
          <params>
            <param index="0">
              <value>
                <![CDATA[MyArray [myArray=[-6, 0, 0, 1, 3, 3, 3, 5, 5, 9, 2147483647, 2147483647]]]]>
              </value>
            </param>
          </params>
          <reporter-output>
          </reporter-output>
        </test-method> <!-- incrSortingTest -->
        <test-method signature="incrSortingTest(by.training.entity.MyArray)[pri:0, instance:by.training.service.sorting.BinaryMergingSortingTest@130dca52]" started-at="2021-06-14T15:49:59 MSK" name="incrSortingTest" description="positive for IncrSorting" data-provider="PositiveForSorting" finished-at="2021-06-14T15:49:59 MSK" duration-ms="3" status="PASS">
          <params>
            <param index="0">
              <value>
                <![CDATA[MyArray [myArray=[-2147483648, -2147483648, -6, 0, 0, 1, 3, 3, 5, 7, 9, 11]]]]>
              </value>
            </param>
          </params>
          <reporter-output>
          </reporter-output>
        </test-method> <!-- incrSortingTest -->
        <test-method signature="incrSortingTest(by.training.entity.MyArray)[pri:0, instance:by.training.service.sorting.BinaryMergingSortingTest@130dca52]" started-at="2021-06-14T15:49:59 MSK" name="incrSortingTest" description="positive for IncrSorting" data-provider="PositiveForSorting" finished-at="2021-06-14T15:49:59 MSK" duration-ms="3" status="PASS">
          <params>
            <param index="0">
              <value>
                <![CDATA[MyArray [myArray=[-2147483648, -6, 0, 0, 1, 3, 3, 5, 7, 9, 11, 2147483647]]]]>
              </value>
            </param>
          </params>
          <reporter-output>
          </reporter-output>
        </test-method> <!-- incrSortingTest -->
        <test-method signature="incrSortingTest(by.training.entity.MyArray)[pri:0, instance:by.training.service.sorting.BinaryMergingSortingTest@130dca52]" started-at="2021-06-14T15:49:59 MSK" name="incrSortingTest" description="positive for IncrSorting" data-provider="PositiveForSorting" finished-at="2021-06-14T15:49:59 MSK" duration-ms="4" status="PASS">
          <params>
            <param index="0">
              <value>
                <![CDATA[MyArray [myArray=[-6, 0, 0, 1, 3, 3, 5, 7, 9, 11]]]]>
              </value>
            </param>
          </params>
          <reporter-output>
          </reporter-output>
        </test-method> <!-- incrSortingTest -->
        <test-method signature="incrSortingTest(by.training.entity.MyArray)[pri:0, instance:by.training.service.sorting.BinaryMergingSortingTest@130dca52]" started-at="2021-06-14T15:49:59 MSK" name="incrSortingTest" description="positive for IncrSorting" data-provider="PositiveForSorting" finished-at="2021-06-14T15:49:59 MSK" duration-ms="3" status="PASS">
          <params>
            <param index="0">
              <value>
                <![CDATA[MyArray [myArray=[-7.3, -1.0, 0.5, 11.2, 15.9, NaN]]]]>
              </value>
            </param>
          </params>
          <reporter-output>
          </reporter-output>
        </test-method> <!-- incrSortingTest -->
        <test-method signature="incrSortingTest(by.training.entity.MyArray)[pri:0, instance:by.training.service.sorting.BinaryMergingSortingTest@130dca52]" started-at="2021-06-14T15:49:59 MSK" name="incrSortingTest" description="positive for IncrSorting" data-provider="PositiveForSorting" finished-at="2021-06-14T15:49:59 MSK" duration-ms="4" status="PASS">
          <params>
            <param index="0">
              <value>
                <![CDATA[MyArray [myArray=[-97, -96, -93, -89, -88, -86, -85, -84, -83, -81, -81, -78, -78, -74, -73, -73, -73, -71, -70, -69, -68, -66, -63, -62, -61, -58, -56, -50, -46, -45, -45, -43, -41, -41, -38, -38, -37, -36, -36, -34, -31, -30, -26, -24, -19, -16, -14, -12, -10, -10, -8, -8, -4, -3, -1, 4, 5, 5, 5, 13, 14, 15, 17, 19, 19, 28, 30, 38, 38, 44, 45, 48, 52, 53, 55, 58, 58, 59, 61, 61, 64, 64, 65, 66, 69, 69, 74, 74, 76, 78, 78, 88, 90, 92, 93, 94, 94, 96, 97, 98, 99]]]]>
              </value>
            </param>
          </params>
          <reporter-output>
          </reporter-output>
        </test-method> <!-- incrSortingTest -->
        <test-method signature="incrSortingTest(by.training.entity.MyArray)[pri:0, instance:by.training.service.sorting.BinaryMergingSortingTest@130dca52]" started-at="2021-06-14T15:49:59 MSK" name="incrSortingTest" description="positive for IncrSorting" data-provider="PositiveForSorting" finished-at="2021-06-14T15:49:59 MSK" duration-ms="3" status="PASS">
          <params>
            <param index="0">
              <value>
                <![CDATA[MyArray [myArray=[-96, -89, -88, -87, -82, -81, -80, -79, -78, -76, -74, -74, -63, -62, -60, -60, -59, -58, -55, -53, -51, -49, -47, -45, -45, -43, -41, -37, -36, -35, -34, -33, -31, -31, -31, -28, -25, -25, -25, -24, -22, -21, -21, -21, -20, -14, -14, -12, -10, -9, -8, -7, -7, -6, -5, -4, -3, -1, 0, 0, 4, 11, 13, 13, 13, 15, 15, 16, 16, 16, 19, 21, 21, 24, 25, 26, 27, 30, 38, 38, 38, 38, 39, 40, 41, 42, 43, 45, 45, 49, 50, 53, 60, 61, 61, 63, 63, 65, 65, 65, 68, 71, 76, 77, 80, 81, 82, 84, 85, 92, 93, 96, 98]]]]>
              </value>
            </param>
          </params>
          <reporter-output>
          </reporter-output>
        </test-method> <!-- incrSortingTest -->
      </class> <!-- by.training.service.sorting.BinaryMergingSortingTest -->
    </test> <!-- Default test -->
  </suite> <!-- Default suite -->
</testng-results>
