<?xml version="1.0" encoding="UTF-8"?>
<!-- Generated by org.testng.reporters.JUnitXMLReporter -->
<testsuite ignored="11" hostname="1488-ПК" failures="0" tests="11" name="Default test" time="0.803" errors="0" timestamp="2021-07-15T18:06:50 MSK">
  <testcase classname="by.training.task06.service.ThreadServiceTest" name="threadLongAdderActionNegativeTest" time="0.098"/>
  <testcase classname="by.training.task06.service.ThreadServiceTest" name="threadLongAdderActionNegativeTest" time="0.096"/>
  <testcase classname="by.training.task06.service.ThreadServiceTest" name="threadLongAdderActionNegativeTest" time="0.169"/>
  <testcase classname="by.training.task06.service.ThreadServiceTest" name="threadLongAdderActionNegativeTest" time="0.126"/>
  <testcase classname="by.training.task06.service.ThreadServiceTest" name="threadLongAdderActionNegativeTest" time="0.02"/>
  <testcase classname="by.training.task06.service.ThreadServiceTest" name="threadLongAdderActionNegativeTest" time="0.005"/>
  <testcase classname="by.training.task06.service.ThreadServiceTest" name="threadLongAdderActionNegativeTest" time="0.007"/>
  <testcase classname="by.training.task06.service.ThreadServiceTest" name="threadLongAdderActionNegativeTest" time="0.004"/>
  <testcase classname="by.training.task06.service.ThreadServiceTest" name="threadLongAdderActionNegativeTest" time="0.004"/>
  <testcase classname="by.training.task06.service.ThreadServiceTest" name="threadLongAdderActionNegativeTest" time="0.003"/>
  <testcase classname="by.training.task06.service.ThreadServiceTest" name="threadLongAdderActionNegativeTest" time="0.003"/>
  <testcase classname="by.training.task06.service.ThreadServiceTest" name="threadLongAdderActionPositiveCounter" time="0.0">
    <ignored/>
  </testcase> <!-- threadLongAdderActionPositiveCounter -->
  <testcase classname="by.training.task06.service.ThreadServiceTest" name="threadCyclicBarrierActionPositiveValue" time="0.0">
    <ignored/>
  </testcase> <!-- threadCyclicBarrierActionPositiveValue -->
  <testcase classname="by.training.task06.service.ThreadServiceTest" name="threadLockActionPositive" time="0.0">
    <ignored/>
  </testcase> <!-- threadLockActionPositive -->
  <testcase classname="by.training.task06.service.ThreadServiceTest" name="ThreadLongAdderActionPositiveValue" time="0.0">
    <ignored/>
  </testcase> <!-- ThreadLongAdderActionPositiveValue -->
  <testcase classname="by.training.task06.service.ThreadServiceTest" name="threadLockActionPositiveCounter" time="0.0">
    <ignored/>
  </testcase> <!-- threadLockActionPositiveCounter -->
  <testcase classname="by.training.task06.service.ThreadServiceTest" name="threadLockActionNegativeTest" time="0.0">
    <ignored/>
  </testcase> <!-- threadLockActionNegativeTest -->
  <testcase classname="by.training.task06.service.ThreadServiceTest" name="threadSingletonActionPositiveCounter" time="0.0">
    <ignored/>
  </testcase> <!-- threadSingletonActionPositiveCounter -->
  <testcase classname="by.training.task06.service.ThreadServiceTest" name="threadSingletonActionNegativeTest" time="0.0">
    <ignored/>
  </testcase> <!-- threadSingletonActionNegativeTest -->
  <testcase classname="by.training.task06.service.ThreadServiceTest" name="threadSingletonActionPositive" time="0.0">
    <ignored/>
  </testcase> <!-- threadSingletonActionPositive -->
  <testcase classname="by.training.task06.service.ThreadServiceTest" name="threadCyclicBarrierActionNegativeTest" time="0.0">
    <ignored/>
  </testcase> <!-- threadCyclicBarrierActionNegativeTest -->
  <testcase classname="by.training.task06.service.ThreadServiceTest" name="threadCyclicBarrierActionPositiveCounter" time="0.0">
    <ignored/>
  </testcase> <!-- threadCyclicBarrierActionPositiveCounter -->
</testsuite> <!-- Default test -->
