<?xml version="1.0" encoding="UTF-8"?>
<!-- Generated by org.testng.reporters.JUnitXMLReporter -->
<testsuite ignored="0" hostname="1488-ПК" failures="0" tests="55" name="Default test" time="1.213" errors="0" timestamp="2021-06-20T17:15:08 MSK">
  <testcase classname="by.training.service.CarLogicImplTest" name="changeWheelNegativeTest1" time="0.286"/>
  <testcase classname="by.training.service.CarLogicImplTest" name="changeWheelNegativeTest2" time="0.01"/>
  <testcase classname="by.training.service.CarLogicImplTest" name="changeWheelNegativeTest3" time="0.023"/>
  <testcase classname="by.training.service.CarLogicImplTest" name="changeWheelTrueTest" time="0.009"/>
  <testcase classname="by.training.service.CarLogicImplTest" name="changeWheelTrueTest" time="0.003"/>
  <testcase classname="by.training.service.CarLogicImplTest" name="changeWheelTrueTest" time="0.003"/>
  <testcase classname="by.training.service.CarLogicImplTest" name="changeWheelTrueTest" time="0.005"/>
  <testcase classname="by.training.service.CarLogicImplTest" name="changeWheelTrueTest" time="0.003"/>
  <testcase classname="by.training.service.CarLogicImplTest" name="changeWheelTrueTest" time="0.002"/>
  <testcase classname="by.training.service.CarLogicImplTest" name="refuelFalseTest" time="0.003"/>
  <testcase classname="by.training.service.CarLogicImplTest" name="refuelNegativeTest1" time="0.029"/>
  <testcase classname="by.training.service.CarLogicImplTest" name="refuelNegativeTest2" time="0.002"/>
  <testcase classname="by.training.service.CarLogicImplTest" name="refuelTrueTest" time="0.01"/>
  <testcase classname="by.training.service.CarLogicImplTest" name="refuelTrueTest" time="0.003"/>
  <testcase classname="by.training.service.CarLogicImplTest" name="refuelTrueTest" time="0.002"/>
  <testcase classname="by.training.service.CarLogicImplTest" name="refuelTrueTest" time="0.002"/>
  <testcase classname="by.training.service.CarLogicImplTest" name="refuelTrueTest" time="0.003"/>
  <testcase classname="by.training.service.CarLogicImplTest" name="refuelTrueTest" time="0.002"/>
  <testcase classname="by.training.service.CarLogicImplTest" name="refuelTrueTest" time="0.004"/>
  <testcase classname="by.training.service.CarLogicImplTest" name="refuelTrueTest" time="0.037"/>
  <testcase classname="by.training.service.CarLogicImplTest" name="refuelTrueTest" time="0.002"/>
  <testcase classname="by.training.service.CarLogicImplTest" name="refuelTrueTest" time="0.002"/>
  <testcase classname="by.training.service.CarLogicImplTest" name="refuelTrueTest" time="0.037"/>
  <testcase classname="by.training.service.CarLogicImplTest" name="refuelTrueTest" time="0.002"/>
  <testcase classname="by.training.service.CarLogicImplTest" name="refuelTrueTest" time="0.002"/>
  <testcase classname="by.training.service.CarLogicImplTest" name="refuelTrueTest" time="0.002"/>
  <testcase classname="by.training.service.CarLogicImplTest" name="refuelTrueTest" time="0.003"/>
  <testcase classname="by.training.service.CarLogicImplTest" name="refuelTrueTest" time="0.02"/>
  <testcase classname="by.training.service.CarLogicImplTest" name="refuelTrueTest" time="0.003"/>
  <testcase classname="by.training.service.CarLogicImplTest" name="refuelTrueTest" time="0.001"/>
  <testcase classname="by.training.service.CarLogicImplTest" name="refuelTrueTest" time="0.002"/>
  <testcase classname="by.training.service.CarLogicImplTest" name="refuelTrueTest" time="0.002"/>
  <testcase classname="by.training.service.CarLogicImplTest" name="rideFalseTest" time="0.017"/>
  <testcase classname="by.training.service.CarLogicImplTest" name="rideFalseTest" time="0.002"/>
  <testcase classname="by.training.service.CarLogicImplTest" name="rideFalseTest" time="0.004"/>
  <testcase classname="by.training.service.CarLogicImplTest" name="rideFalseTest" time="0.003"/>
  <testcase classname="by.training.service.CarLogicImplTest" name="rideFalseTest" time="0.004"/>
  <testcase classname="by.training.service.CarLogicImplTest" name="rideFalseTest" time="0.002"/>
  <testcase classname="by.training.service.CarLogicImplTest" name="rideFalseTest" time="0.003"/>
  <testcase classname="by.training.service.CarLogicImplTest" name="rideNegativeTest1" time="0.002"/>
  <testcase classname="by.training.service.CarLogicImplTest" name="rideNegativeTest2" time="0.028"/>
  <testcase classname="by.training.service.CarLogicImplTest" name="rideTrueTest" time="0.001"/>
  <testcase classname="by.training.service.CarLogicImplTest" name="rideTrueTest" time="0.001"/>
  <testcase classname="by.training.service.CarLogicImplTest" name="rideTrueTest" time="0.001"/>
  <testcase classname="by.training.service.CarLogicImplTest" name="rideTrueTest" time="0.001"/>
  <testcase classname="by.training.service.CarLogicImplTest" name="rideTrueTest" time="0.001"/>
  <testcase classname="by.training.service.CarLogicImplTest" name="rideTrueTest" time="0.001"/>
  <testcase classname="by.training.service.CarLogicImplTest" name="rideTrueTest" time="0.002"/>
  <testcase classname="by.training.service.CarLogicImplTest" name="rideTrueTest" time="0.001"/>
  <testcase classname="by.training.service.CarLogicImplTest" name="rideTrueTest" time="0.002"/>
  <testcase classname="by.training.service.CarLogicImplTest" name="rideTrueTest" time="0.021"/>
  <testcase classname="by.training.service.CarLogicImplTest" name="rideTrueTest" time="0.002"/>
  <testcase classname="by.training.service.CarLogicImplTest" name="rideTrueTest" time="0.002"/>
  <testcase classname="by.training.service.CarLogicImplTest" name="rideTrueTest" time="0.002"/>
  <testcase classname="by.training.service.CarLogicImplTest" name="rideTrueTest" time="0.001"/>
</testsuite> <!-- Default test -->
