<?xml version="1.0" encoding="UTF-8"?>
<testng-results ignored="7" total="8" passed="1" failed="0" skipped="0">
  <reporter-output>
  </reporter-output>
  <suite started-at="2021-07-08T13:43:43 MSK" name="Default suite" finished-at="2021-07-08T13:43:44 MSK" duration-ms="616">
    <groups>
    </groups>
    <test started-at="2021-07-08T13:43:43 MSK" name="Default test" finished-at="2021-07-08T13:43:44 MSK" duration-ms="616">
      <class name="by.training.service.creator.SphereLogicTest">
        <test-method is-config="true" signature="initRep()[pri:0, instance:by.training.service.creator.SphereLogicTest@1477089c]" started-at="2021-07-08T13:43:43 MSK" name="initRep" finished-at="2021-07-08T13:43:44 MSK" duration-ms="444" status="PASS">
          <reporter-output>
          </reporter-output>
        </test-method> <!-- initRep -->
        <test-method signature="calculateCuttingVolumeRatioTestNegative(by.training.task05.entity.Sphere,by.training.task05.entity.Sphere$CoordinateXYZ,by.training.task05.entity.Sphere$CoordinateXYZ)[pri:0, instance:by.training.service.creator.SphereLogicTest@1477089c]" started-at="2021-07-08T13:43:44 MSK" name="calculateCuttingVolumeRatioTestNegative" description="negative for calculateCuttingVolumeRatio" data-provider="negativeCalculateCuttingVolumeRatio" finished-at="2021-07-08T13:43:44 MSK" duration-ms="21" status="PASS">
          <params>
            <param index="0">
              <value>
                <![CDATA[Sphere [name=All0, center=CoordinateXYZ [x=0.0, y=0.0, z=0.0], radius=67.5, ID=2462642086753713152]]]>
              </value>
            </param>
            <param index="1">
              <value>
                <![CDATA[CoordinateXYZ [x=2.0, y=68.0, z=2.0]]]>
              </value>
            </param>
            <param index="2">
              <value>
                <![CDATA[CoordinateXYZ [x=1.0, y=68.0, z=1.0]]]>
              </value>
            </param>
          </params>
          <exception class="by.training.task05.service.ServiceException">
            <message>
              <![CDATA[plane_don't_cross]]>
            </message>
            <full-stacktrace>
              <![CDATA[by.training.task05.service.ServiceException: plane_don't_cross
at by.training.task05.service.SphereVolumeRatio.calculateH(SphereVolumeRatio.java:87)
at by.training.task05.service.SphereVolumeRatio.calculateCuttingVolumeRatio(SphereVolumeRatio.java:47)
at by.training.task05.service.SphereLogicImpl.calculateCuttingVolumeRatio(SphereLogicImpl.java:65)
at by.training.service.creator.SphereLogicTest.calculateCuttingVolumeRatioTestNegative(SphereLogicTest.java:72)
at java.base/jdk.internal.reflect.NativeMethodAccessorImpl.invoke0(Native Method)
at java.base/jdk.internal.reflect.NativeMethodAccessorImpl.invoke(NativeMethodAccessorImpl.java:64)
at java.base/jdk.internal.reflect.DelegatingMethodAccessorImpl.invoke(DelegatingMethodAccessorImpl.java:43)
at java.base/java.lang.reflect.Method.invoke(Method.java:564)
at org.testng.internal.MethodInvocationHelper.invokeMethod(MethodInvocationHelper.java:133)
at org.testng.internal.TestInvoker.invokeMethod(TestInvoker.java:598)
at org.testng.internal.TestInvoker.invokeTestMethod(TestInvoker.java:173)
at org.testng.internal.MethodRunner.runInSequence(MethodRunner.java:46)
at org.testng.internal.TestInvoker$MethodInvocationAgent.invoke(TestInvoker.java:824)
at org.testng.internal.TestInvoker.invokeTestMethods(TestInvoker.java:146)
at org.testng.internal.TestMethodWorker.invokeTestMethods(TestMethodWorker.java:146)
at org.testng.internal.TestMethodWorker.run(TestMethodWorker.java:128)
at java.base/java.util.ArrayList.forEach(ArrayList.java:1511)
at org.testng.TestRunner.privateRun(TestRunner.java:794)
at org.testng.TestRunner.run(TestRunner.java:596)
at org.testng.SuiteRunner.runTest(SuiteRunner.java:377)
at org.testng.SuiteRunner.runSequentially(SuiteRunner.java:371)
at org.testng.SuiteRunner.privateRun(SuiteRunner.java:332)
at org.testng.SuiteRunner.run(SuiteRunner.java:276)
at org.testng.SuiteRunnerWorker.runSuite(SuiteRunnerWorker.java:53)
at org.testng.SuiteRunnerWorker.run(SuiteRunnerWorker.java:96)
at org.testng.TestNG.runSuitesSequentially(TestNG.java:1212)
at org.testng.TestNG.runSuitesLocally(TestNG.java:1134)
at org.testng.TestNG.runSuites(TestNG.java:1063)
at org.testng.TestNG.run(TestNG.java:1031)
at org.testng.remote.AbstractRemoteTestNG.run(AbstractRemoteTestNG.java:115)
at org.testng.remote.RemoteTestNG.initAndRun(RemoteTestNG.java:251)
at org.testng.remote.RemoteTestNG.main(RemoteTestNG.java:77)
]]>
            </full-stacktrace>
          </exception> <!-- by.training.task05.service.ServiceException -->
          <reporter-output>
          </reporter-output>
        </test-method> <!-- calculateCuttingVolumeRatioTestNegative -->
      </class> <!-- by.training.service.creator.SphereLogicTest -->
    </test> <!-- Default test -->
  </suite> <!-- Default suite -->
</testng-results>
