<?xml version="1.0" encoding="UTF-8"?>
<!-- Generated by org.testng.reporters.JUnitXMLReporter -->
<testsuite ignored="0" hostname="1488-ПК" failures="0" tests="9" name="Default test" time="0.547" errors="0" timestamp="2021-05-29T14:53:20 MSK">
  <testcase classname="by.training.vetv37.Vetv37LogicTest" name="negativeTestFromStrToDouble1" time="0.039"/>
  <testcase classname="by.training.vetv37.Vetv37LogicTest" name="negativeTestFromStrToDouble2" time="0.007"/>
  <testcase classname="by.training.vetv37.Vetv37LogicTest" name="testCountXFromTxt" time="0.012"/>
  <testcase classname="by.training.vetv37.Vetv37LogicTest" name="testCountXFromTxt" time="0.007"/>
  <testcase classname="by.training.vetv37.Vetv37LogicTest" name="testCountXFromTxt" time="0.046"/>
  <testcase classname="by.training.vetv37.Vetv37LogicTest" name="testCountXFromTxt" time="0.006"/>
  <testcase classname="by.training.vetv37.Vetv37LogicTest" name="testCountXFromTxt" time="0.005"/>
  <testcase classname="by.training.vetv37.Vetv37LogicTest" name="testCountXFromTxt" time="0.006"/>
  <testcase classname="by.training.vetv37.Vetv37LogicTest" name="testCountXFromTxt" time="0.007"/>
</testsuite> <!-- Default test -->
