<html>
<head>
<title>TestNG:  Default test</title>
<link href="../testng.css" rel="stylesheet" type="text/css" />
<link href="../my-testng.css" rel="stylesheet" type="text/css" />

<style type="text/css">
.log { display: none;} 
.stack-trace { display: none;} 
</style>
<script type="text/javascript">
<!--
function flip(e) {
  current = e.style.display;
  if (current == 'block') {
    e.style.display = 'none';
    return 0;
  }
  else {
    e.style.display = 'block';
    return 1;
  }
}

function toggleBox(szDivId, elem, msg1, msg2)
{
  var res = -1;  if (document.getElementById) {
    res = flip(document.getElementById(szDivId));
  }
  else if (document.all) {
    // this is the way old msie versions work
    res = flip(document.all[szDivId]);
  }
  if(elem) {
    if(res == 0) elem.innerHTML = msg1; else elem.innerHTML = msg2;
  }

}

function toggleAllBoxes() {
  if (document.getElementsByTagName) {
    d = document.getElementsByTagName('div');
    for (i = 0; i < d.length; i++) {
      if (d[i].className == 'log') {
        flip(d[i]);
      }
    }
  }
}

// -->
</script>

</head>
<body>
<h2 align='center'>Default test</h2><table border='1' align="center">
<tr>
<td>Tests passed/Failed/Skipped:</td><td>9/0/0</td>
</tr><tr>
<td>Started on:</td><td>Sat May 29 14:53:20 MSK 2021</td>
</tr>
<tr><td>Total time:</td><td>0 seconds (547 ms)</td>
</tr><tr>
<td>Included groups:</td><td></td>
</tr><tr>
<td>Excluded groups:</td><td></td>
</tr>
</table><p/>
<small><i>(Hover the method name to see the test class name)</i></small><p/>
<table width='100%' border='1' class='invocation-passed'>
<tr><td colspan='4' align='center'><b>PASSED TESTS</b></td></tr>
<tr><td><b>Test method</b></td>
<td width="30%"><b>Exception</b></td>
<td width="10%"><b>Time (seconds)</b></td>
<td><b>Instance</b></td>
</tr>
<tr>
<td title='by.training.vetv37.Vetv37LogicTest.testCountXFromTxt()'><b>testCountXFromTxt</b><br>Test class: by.training.vetv37.Vetv37LogicTest<br>Test method: positive for countXFromTxt<br>Parameters: vetv37_2.9.txt, 0.05438033607047692</td>
<td></td>
<td>0</td>
<td>by.training.vetv37.Vetv37LogicTest@62727399</td></tr>
<tr>
<td title='by.training.vetv37.Vetv37LogicTest.negativeTestFromStrToDouble1()'><b>negativeTestFromStrToDouble1</b><br>Test class: by.training.vetv37.Vetv37LogicTest<br>Test method: Negative scenary of countXFromTxt throw SearchDataInStrException</td>
<td><div><pre>by.training.util.exception.SearchDataInStrException: by.training.util.exception.SearchDataInStrException: by.training.util.exception.SearchDataInStrException: incorrect data entered
	at by.training.vetv37.Vetv37Logic.countXFromTxt(Vetv37Logic.java:68)
	at by.training.vetv37.Vetv37LogicTest.negativeTestFromStrToDouble1(Vetv37LogicTest.java:35)
	at java.base/jdk.internal.reflect.NativeMethodAccessorImpl.invoke0(Native Method)
	at java.base/jdk.internal.reflect.NativeMethodAccessorImpl.invoke(NativeMethodAccessorImpl.java:64)
	at java.base/jdk.internal.reflect.DelegatingMethodAccessorImpl.invoke(DelegatingMethodAccessorImpl.java:43)
	at java.base/java.lang.reflect.Method.invoke(Method.java:564)
	at org.testng.internal.MethodInvocationHelper.invokeMethod(MethodInvocationHelper.java:133)
	at org.testng.internal.TestInvoker.invokeMethod(TestInvoker.java:598)
	at org.testng.internal.TestInvoker.invokeTestMethod(TestInvoker.java:173)
	at org.testng.internal.MethodRunner.runInSequence(MethodRunner.java:46)
	at org.testng.internal.TestInvoker$MethodInvocationAgent.invoke(TestInvoker.java:824)
	at org.testng.internal.TestInvoker.invokeTestMethods(TestInvoker.java:146)
	at org.testng.internal.TestMethodWorker.invokeTestMethods(TestMethodWorker.java:146)
	at org.testng.internal.TestMethodWorker.run(TestMethodWorker.java:128)
	at java.base/java.util.ArrayList.forEach(ArrayList.java:1511)
	at org.testng.TestRunner.privateRun(TestRunner.java:794)
	at org.testng.TestRunner.run(TestRunner.java:596)
	at org.testng.SuiteRunner.runTest(SuiteRunner.java:377)
	at org.testng.SuiteRunner.runSequentially(SuiteRunner.java:371)
	at org.testng.SuiteRunner.privateRun(SuiteRunner.java:332)
	at org.testng.SuiteRunner.run(SuiteRunner.java:276)
	at org.testng.SuiteRunnerWorker.runSuite(SuiteRunnerWorker.java:53)
	at org.testng.SuiteRunnerWorker.run(SuiteRunnerWorker.java:96)
	at org.testng.TestNG.runSuitesSequentially(TestNG.java:1212)
	at org.testng.TestNG.runSuitesLocally(TestNG.java:1134)
	at org.testng.TestNG.runSuites(TestNG.java:1063)
	at org.testng.TestNG.run(TestNG.java:1031)
	at org.testng.remote.AbstractRemoteTestNG.run(AbstractRemoteTestNG.java:115)
	at org.testng.remote.RemoteTestNG.initAndRun(RemoteTestNG.java:251)
	at org.testng.remote.RemoteTestNG.main(RemoteTestNG.java:77)
Caused by: by.training.util.exception.SearchDataInStrException: by.training.util.exception.SearchDataInStrException: incorrect data entered
	at by.training.vetv37.Vetv37Logic.getXFromTxt(Vetv37Logic.java:46)
	at by.training.vetv37.Vetv37Logic.countXFromTxt(Vetv37Logic.java:62)
	... 29 more
Caused by: by.training.util.exception.SearchDataInStrException: incorrect data entered
	at by.training.util.SearchDataInStr.searchDouble(SearchDataInStr.java:55)
	at by.training.vetv37.Vetv37Logic.getXFromTxt(Vetv37Logic.java:39)
	... 30 more
</pre></div><a href='#' onClick='toggleBox("stack-trace1514214932", this, "Click to show all stack frames", "Click to hide stack frames")'>Click to show all stack frames</a>
<div class='stack-trace' id='stack-trace1514214932'><pre>by.training.util.exception.SearchDataInStrException: by.training.util.exception.SearchDataInStrException: by.training.util.exception.SearchDataInStrException: incorrect data entered
	at by.training.vetv37.Vetv37Logic.countXFromTxt(Vetv37Logic.java:68)
	at by.training.vetv37.Vetv37LogicTest.negativeTestFromStrToDouble1(Vetv37LogicTest.java:35)
	at java.base/jdk.internal.reflect.NativeMethodAccessorImpl.invoke0(Native Method)
	at java.base/jdk.internal.reflect.NativeMethodAccessorImpl.invoke(NativeMethodAccessorImpl.java:64)
	at java.base/jdk.internal.reflect.DelegatingMethodAccessorImpl.invoke(DelegatingMethodAccessorImpl.java:43)
	at java.base/java.lang.reflect.Method.invoke(Method.java:564)
	at org.testng.internal.MethodInvocationHelper.invokeMethod(MethodInvocationHelper.java:133)
	at org.testng.internal.TestInvoker.invokeMethod(TestInvoker.java:598)
	at org.testng.internal.TestInvoker.invokeTestMethod(TestInvoker.java:173)
	at org.testng.internal.MethodRunner.runInSequence(MethodRunner.java:46)
	at org.testng.internal.TestInvoker$MethodInvocationAgent.invoke(TestInvoker.java:824)
	at org.testng.internal.TestInvoker.invokeTestMethods(TestInvoker.java:146)
	at org.testng.internal.TestMethodWorker.invokeTestMethods(TestMethodWorker.java:146)
	at org.testng.internal.TestMethodWorker.run(TestMethodWorker.java:128)
	at java.base/java.util.ArrayList.forEach(ArrayList.java:1511)
	at org.testng.TestRunner.privateRun(TestRunner.java:794)
	at org.testng.TestRunner.run(TestRunner.java:596)
	at org.testng.SuiteRunner.runTest(SuiteRunner.java:377)
	at org.testng.SuiteRunner.runSequentially(SuiteRunner.java:371)
	at org.testng.SuiteRunner.privateRun(SuiteRunner.java:332)
	at org.testng.SuiteRunner.run(SuiteRunner.java:276)
	at org.testng.SuiteRunnerWorker.runSuite(SuiteRunnerWorker.java:53)
	at org.testng.SuiteRunnerWorker.run(SuiteRunnerWorker.java:96)
	at org.testng.TestNG.runSuitesSequentially(TestNG.java:1212)
	at org.testng.TestNG.runSuitesLocally(TestNG.java:1134)
	at org.testng.TestNG.runSuites(TestNG.java:1063)
	at org.testng.TestNG.run(TestNG.java:1031)
	at org.testng.remote.AbstractRemoteTestNG.run(AbstractRemoteTestNG.java:115)
	at org.testng.remote.RemoteTestNG.initAndRun(RemoteTestNG.java:251)
	at org.testng.remote.RemoteTestNG.main(RemoteTestNG.java:77)
Caused by: by.training.util.exception.SearchDataInStrException: by.training.util.exception.SearchDataInStrException: incorrect data entered
	at by.training.vetv37.Vetv37Logic.getXFromTxt(Vetv37Logic.java:46)
	at by.training.vetv37.Vetv37Logic.countXFromTxt(Vetv37Logic.java:62)
	... 29 more
Caused by: by.training.util.exception.SearchDataInStrException: incorrect data entered
	at by.training.util.SearchDataInStr.searchDouble(SearchDataInStr.java:55)
	at by.training.vetv37.Vetv37Logic.getXFromTxt(Vetv37Logic.java:39)
	... 30 more
</pre></div></td>
<td>0</td>
<td>by.training.vetv37.Vetv37LogicTest@62727399</td></tr>
<tr>
<td title='by.training.vetv37.Vetv37LogicTest.testCountXFromTxt()'><b>testCountXFromTxt</b><br>Test class: by.training.vetv37.Vetv37LogicTest<br>Test method: positive for countXFromTxt<br>Parameters: vetv37_0.txt, -0.16666666666666666</td>
<td></td>
<td>0</td>
<td>by.training.vetv37.Vetv37LogicTest@62727399</td></tr>
<tr>
<td title='by.training.vetv37.Vetv37LogicTest.testCountXFromTxt()'><b>testCountXFromTxt</b><br>Test class: by.training.vetv37.Vetv37LogicTest<br>Test method: positive for countXFromTxt<br>Parameters: vetv37_5.txt, -1</td>
<td></td>
<td>0</td>
<td>by.training.vetv37.Vetv37LogicTest@62727399</td></tr>
<tr>
<td title='by.training.vetv37.Vetv37LogicTest.testCountXFromTxt()'><b>testCountXFromTxt</b><br>Test class: by.training.vetv37.Vetv37LogicTest<br>Test method: positive for countXFromTxt<br>Parameters: vetv37_6.8.txt, -16.839999999999996</td>
<td></td>
<td>0</td>
<td>by.training.vetv37.Vetv37LogicTest@62727399</td></tr>
<tr>
<td title='by.training.vetv37.Vetv37LogicTest.testCountXFromTxt()'><b>testCountXFromTxt</b><br>Test class: by.training.vetv37.Vetv37LogicTest<br>Test method: positive for countXFromTxt<br>Parameters: vetv37_3.txt, 9</td>
<td></td>
<td>0</td>
<td>by.training.vetv37.Vetv37LogicTest@62727399</td></tr>
<tr>
<td title='by.training.vetv37.Vetv37LogicTest.testCountXFromTxt()'><b>testCountXFromTxt</b><br>Test class: by.training.vetv37.Vetv37LogicTest<br>Test method: positive for countXFromTxt<br>Parameters: vetv37_Infin.txt, Infinity</td>
<td></td>
<td>0</td>
<td>by.training.vetv37.Vetv37LogicTest@62727399</td></tr>
<tr>
<td title='by.training.vetv37.Vetv37LogicTest.testCountXFromTxt()'><b>testCountXFromTxt</b><br>Test class: by.training.vetv37.Vetv37LogicTest<br>Test method: positive for countXFromTxt<br>Parameters: vetv37_-8.67.txt, -0.0015204168500118343</td>
<td></td>
<td>0</td>
<td>by.training.vetv37.Vetv37LogicTest@62727399</td></tr>
<tr>
<td title='by.training.vetv37.Vetv37LogicTest.negativeTestFromStrToDouble2()'><b>negativeTestFromStrToDouble2</b><br>Test class: by.training.vetv37.Vetv37LogicTest<br>Test method: Negative scenary of countXFromTxt throw MyTxtReaderException</td>
<td><div><pre>by.training.util.exception.MyTxtReaderException: by.training.util.exception.MyTxtReaderException: by.training.util.exception.MyTxtReaderException: ошибка доступа к файлу
	at by.training.vetv37.Vetv37Logic.countXFromTxt(Vetv37Logic.java:71)
	at by.training.vetv37.Vetv37LogicTest.negativeTestFromStrToDouble2(Vetv37LogicTest.java:41)
	at java.base/jdk.internal.reflect.NativeMethodAccessorImpl.invoke0(Native Method)
	at java.base/jdk.internal.reflect.NativeMethodAccessorImpl.invoke(NativeMethodAccessorImpl.java:64)
	at java.base/jdk.internal.reflect.DelegatingMethodAccessorImpl.invoke(DelegatingMethodAccessorImpl.java:43)
	at java.base/java.lang.reflect.Method.invoke(Method.java:564)
	at org.testng.internal.MethodInvocationHelper.invokeMethod(MethodInvocationHelper.java:133)
	at org.testng.internal.TestInvoker.invokeMethod(TestInvoker.java:598)
	at org.testng.internal.TestInvoker.invokeTestMethod(TestInvoker.java:173)
	at org.testng.internal.MethodRunner.runInSequence(MethodRunner.java:46)
	at org.testng.internal.TestInvoker$MethodInvocationAgent.invoke(TestInvoker.java:824)
	at org.testng.internal.TestInvoker.invokeTestMethods(TestInvoker.java:146)
	at org.testng.internal.TestMethodWorker.invokeTestMethods(TestMethodWorker.java:146)
	at org.testng.internal.TestMethodWorker.run(TestMethodWorker.java:128)
	at java.base/java.util.ArrayList.forEach(ArrayList.java:1511)
	at org.testng.TestRunner.privateRun(TestRunner.java:794)
	at org.testng.TestRunner.run(TestRunner.java:596)
	at org.testng.SuiteRunner.runTest(SuiteRunner.java:377)
	at org.testng.SuiteRunner.runSequentially(SuiteRunner.java:371)
	at org.testng.SuiteRunner.privateRun(SuiteRunner.java:332)
	at org.testng.SuiteRunner.run(SuiteRunner.java:276)
	at org.testng.SuiteRunnerWorker.runSuite(SuiteRunnerWorker.java:53)
	at org.testng.SuiteRunnerWorker.run(SuiteRunnerWorker.java:96)
	at org.testng.TestNG.runSuitesSequentially(TestNG.java:1212)
	at org.testng.TestNG.runSuitesLocally(TestNG.java:1134)
	at org.testng.TestNG.runSuites(TestNG.java:1063)
	at org.testng.TestNG.run(TestNG.java:1031)
	at org.testng.remote.AbstractRemoteTestNG.run(AbstractRemoteTestNG.java:115)
	at org.testng.remote.RemoteTestNG.initAndRun(RemoteTestNG.java:251)
	at org.testng.remote.RemoteTestNG.main(RemoteTestNG.java:77)
Caused by: by.training.util.exception.MyTxtReaderException: by.training.util.exception.MyTxtReaderException: ошибка доступа к файлу
	at by.training.vetv37.Vetv37Logic.getXFromTxt(Vetv37Logic.java:43)
	at by.training.vetv37.Vetv37Logic.countXFromTxt(Vetv37Logic.java:62)
	... 29 more
Caused by: by.training.util.exception.MyTxtReaderException: ошибка доступа к файлу
	at by.training.util.MyTxtReader.readFile(MyTxtReader.java:57)
	at by.training.vetv37.Vetv37Logic.getXFromTxt(Vetv37Logic.java:38)
	... 30 more
</pre></div><a href='#' onClick='toggleBox("stack-trace440736059", this, "Click to show all stack frames", "Click to hide stack frames")'>Click to show all stack frames</a>
<div class='stack-trace' id='stack-trace440736059'><pre>by.training.util.exception.MyTxtReaderException: by.training.util.exception.MyTxtReaderException: by.training.util.exception.MyTxtReaderException: ошибка доступа к файлу
	at by.training.vetv37.Vetv37Logic.countXFromTxt(Vetv37Logic.java:71)
	at by.training.vetv37.Vetv37LogicTest.negativeTestFromStrToDouble2(Vetv37LogicTest.java:41)
	at java.base/jdk.internal.reflect.NativeMethodAccessorImpl.invoke0(Native Method)
	at java.base/jdk.internal.reflect.NativeMethodAccessorImpl.invoke(NativeMethodAccessorImpl.java:64)
	at java.base/jdk.internal.reflect.DelegatingMethodAccessorImpl.invoke(DelegatingMethodAccessorImpl.java:43)
	at java.base/java.lang.reflect.Method.invoke(Method.java:564)
	at org.testng.internal.MethodInvocationHelper.invokeMethod(MethodInvocationHelper.java:133)
	at org.testng.internal.TestInvoker.invokeMethod(TestInvoker.java:598)
	at org.testng.internal.TestInvoker.invokeTestMethod(TestInvoker.java:173)
	at org.testng.internal.MethodRunner.runInSequence(MethodRunner.java:46)
	at org.testng.internal.TestInvoker$MethodInvocationAgent.invoke(TestInvoker.java:824)
	at org.testng.internal.TestInvoker.invokeTestMethods(TestInvoker.java:146)
	at org.testng.internal.TestMethodWorker.invokeTestMethods(TestMethodWorker.java:146)
	at org.testng.internal.TestMethodWorker.run(TestMethodWorker.java:128)
	at java.base/java.util.ArrayList.forEach(ArrayList.java:1511)
	at org.testng.TestRunner.privateRun(TestRunner.java:794)
	at org.testng.TestRunner.run(TestRunner.java:596)
	at org.testng.SuiteRunner.runTest(SuiteRunner.java:377)
	at org.testng.SuiteRunner.runSequentially(SuiteRunner.java:371)
	at org.testng.SuiteRunner.privateRun(SuiteRunner.java:332)
	at org.testng.SuiteRunner.run(SuiteRunner.java:276)
	at org.testng.SuiteRunnerWorker.runSuite(SuiteRunnerWorker.java:53)
	at org.testng.SuiteRunnerWorker.run(SuiteRunnerWorker.java:96)
	at org.testng.TestNG.runSuitesSequentially(TestNG.java:1212)
	at org.testng.TestNG.runSuitesLocally(TestNG.java:1134)
	at org.testng.TestNG.runSuites(TestNG.java:1063)
	at org.testng.TestNG.run(TestNG.java:1031)
	at org.testng.remote.AbstractRemoteTestNG.run(AbstractRemoteTestNG.java:115)
	at org.testng.remote.RemoteTestNG.initAndRun(RemoteTestNG.java:251)
	at org.testng.remote.RemoteTestNG.main(RemoteTestNG.java:77)
Caused by: by.training.util.exception.MyTxtReaderException: by.training.util.exception.MyTxtReaderException: ошибка доступа к файлу
	at by.training.vetv37.Vetv37Logic.getXFromTxt(Vetv37Logic.java:43)
	at by.training.vetv37.Vetv37Logic.countXFromTxt(Vetv37Logic.java:62)
	... 29 more
Caused by: by.training.util.exception.MyTxtReaderException: ошибка доступа к файлу
	at by.training.util.MyTxtReader.readFile(MyTxtReader.java:57)
	at by.training.vetv37.Vetv37Logic.getXFromTxt(Vetv37Logic.java:38)
	... 30 more
</pre></div></td>
<td>0</td>
<td>by.training.vetv37.Vetv37LogicTest@62727399</td></tr>
</table><p>
</body>
</html>