<?xml version="1.0" encoding="UTF-8"?>
<!-- Generated by org.testng.reporters.JUnitXMLReporter -->
<testsuite ignored="0" hostname="1488-ПК" failures="0" tests="13" name="Default test" time="0.207" errors="0" timestamp="2021-05-29T11:35:12 MSK">
  <testcase classname="by.training.num13.Num13LogicTest" name="testCountPerimiter" time="0.03"/>
  <testcase classname="by.training.num13.Num13LogicTest" name="testCountSizes" time="0.004"/>
  <testcase classname="by.training.num13.Num13LogicTest" name="testCountSquare" time="0.002"/>
  <testcase classname="by.training.num13.Num13LogicTest" name="testSum" time="0.002"/>
  <testcase classname="by.training.num13.Num13LogicTest" name="testSum" time="0.002"/>
  <testcase classname="by.training.num13.Num13LogicTest" name="testSum" time="0.002"/>
  <testcase classname="by.training.num13.Num13LogicTest" name="testSum" time="0.002"/>
  <testcase classname="by.training.num13.Num13LogicTest" name="testSum" time="0.002"/>
  <testcase classname="by.training.num13.Num13LogicTest" name="testSum" time="0.002"/>
  <testcase classname="by.training.num13.Num13LogicTest" name="testSum" time="0.002"/>
  <testcase classname="by.training.num13.Num13LogicTest" name="testSum" time="0.001"/>
  <testcase classname="by.training.num13.Num13LogicTest" name="testSum" time="0.002"/>
  <testcase classname="by.training.num13.Num13LogicTest" name="testSum" time="0.002"/>
</testsuite> <!-- Default test -->
